<?xml version="1.0" encoding="UTF-8"?>
<beans:beans xmlns="http://www.springframework.org/schema/beans"
	xmlns:xsi="http://www.w3.org/2001/XMLSchema-instance"
	xmlns:beans="http://www.springframework.org/schema/beans"
	xmlns:context="http://www.springframework.org/schema/context"
	xmlns:tx="http://www.springframework.org/schema/tx"
	xsi:schemaLocation="http://www.springframework.org/schema/beans http://www.springframework.org/schema/beans/spring-beans.xsd
		http://www.springframework.org/schema/context http://www.springframework.org/schema/context/spring-context.xsd 
		http://www.springframework.org/schema/tx http://www.springframework.org/schema/tx/spring-tx.xsd" >


	<beans:bean id="dataSource" class="org.apache.commons.dbcp.BasicDataSource" destroy-method="close">
		<beans:property name="driverClassName" value="com.mysql.jdbc.Driver"/>
		<beans:property name="url" value="jdbc:mysql://localhost:3306/caderno20" />
		<beans:property name="username" value="root" />
		<beans:property name="password" value="eAdmin.1" />
	</beans:bean>
    
	<beans:bean id="sessionFactory" class="org.springframework.orm.hibernate4.LocalSessionFactoryBean">
		<beans:property name="dataSource" ref="dataSource" />
		<beans:property name="packagesToScan">
			<beans:list>
				<beans:value>com.grafenonet.openwine.maestros.domain</beans:value>
				<beans:value>com.grafenonet.openwine.caderno.domain</beans:value>
			</beans:list>
		</beans:property>
		<beans:property name="hibernateProperties">
			<beans:props>
				<beans:prop key="hibernate.dialect">org.hibernate.dialect.MySQL5Dialect</beans:prop>
				<beans:prop key="hibernate.show_sql">validate</beans:prop>
				<beans:prop key="hibernate.hbm2ddl.auto">true</beans:prop>
			</beans:props>
		</beans:property>		
	</beans:bean>    

	<beans:bean id="transactionManager" class="org.springframework.orm.hibernate4.HibernateTransactionManager">
		<beans:property name="sessionFactory" ref="sessionFactory" />
	</beans:bean>
	
	<tx:annotation-driven transaction-manager="transactionManager" />

	<bean id="persistenceExceptionTranslationPostProcessor" class="org.springframework.dao.annotation.PersistenceExceptionTranslationPostProcessor" />

</beans:beans>
